<?xml version="1.0" encoding="UTF-8"?>
<testng-results skipped="0" failed="0" total="2" passed="2">
  <reporter-output>
  </reporter-output>
  <suite name="Default suite" duration-ms="13209" started-at="2016-02-25T10:37:01Z" finished-at="2016-02-25T10:37:14Z">
    <groups>
    </groups>
    <test name="Default test" duration-ms="13209" started-at="2016-02-25T10:37:01Z" finished-at="2016-02-25T10:37:14Z">
      <class name="page.registration.Registration">
        <test-method status="PASS" signature="normalTest()[pri:0, instance:page.registration.Registration@1c53fd30]" name="normalTest" is-config="true" duration-ms="8397" started-at="2016-02-25T16:07:01Z" finished-at="2016-02-25T16:07:10Z">
          <reporter-output>
          </reporter-output>
        </test-method> <!-- normalTest -->
        <test-method status="PASS" signature="titleTest()[pri:0, instance:page.registration.Registration@1c53fd30]" name="titleTest" duration-ms="34" started-at="2016-02-25T16:07:10Z" finished-at="2016-02-25T16:07:10Z">
          <reporter-output>
          </reporter-output>
        </test-method> <!-- titleTest -->
        <test-method status="PASS" signature="refreshTest()[pri:0, instance:page.registration.Registration@1c53fd30]" name="refreshTest" duration-ms="4761" started-at="2016-02-25T16:07:10Z" finished-at="2016-02-25T16:07:14Z">
          <reporter-output>
          </reporter-output>
        </test-method> <!-- refreshTest -->
        <test-method status="PASS" signature="afterClass()[pri:0, instance:page.registration.Registration@1c53fd30]" name="afterClass" is-config="true" duration-ms="0" started-at="2016-02-25T16:07:14Z" finished-at="2016-02-25T16:07:14Z">
          <reporter-output>
          </reporter-output>
        </test-method> <!-- afterClass -->
      </class> <!-- page.registration.Registration -->
    </test> <!-- Default test -->
  </suite> <!-- Default suite -->
</testng-results>
