<?xml version="1.0" encoding="UTF-8"?>
<testng-results skipped="0" failed="0" total="1" passed="1">
  <reporter-output>
  </reporter-output>
  <suite name="Default suite" duration-ms="9406" started-at="2016-04-12T12:54:34Z" finished-at="2016-04-12T12:54:44Z">
    <groups>
    </groups>
    <test name="Default test" duration-ms="9406" started-at="2016-04-12T12:54:34Z" finished-at="2016-04-12T12:54:44Z">
      <class name="page.registration.Registration">
        <test-method status="PASS" signature="normalTest()[pri:0, instance:page.registration.Registration@1c53fd30]" name="normalTest" is-config="true" duration-ms="9171" started-at="2016-04-12T18:24:34Z" finished-at="2016-04-12T18:24:43Z">
          <reporter-output>
          </reporter-output>
        </test-method> <!-- normalTest -->
        <test-method status="PASS" signature="titleTest()[pri:0, instance:page.registration.Registration@1c53fd30]" name="titleTest" duration-ms="228" started-at="2016-04-12T18:24:43Z" finished-at="2016-04-12T18:24:44Z">
          <reporter-output>
          </reporter-output>
        </test-method> <!-- titleTest -->
        <test-method status="PASS" signature="afterClass()[pri:0, instance:page.registration.Registration@1c53fd30]" name="afterClass" is-config="true" duration-ms="0" started-at="2016-04-12T18:24:44Z" finished-at="2016-04-12T18:24:44Z">
          <reporter-output>
          </reporter-output>
        </test-method> <!-- afterClass -->
      </class> <!-- page.registration.Registration -->
    </test> <!-- Default test -->
  </suite> <!-- Default suite -->
</testng-results>
